<?xml version="1.0" encoding="UTF-8"?>
<testng-results ignored="4" total="6" passed="1" failed="0" skipped="1">
  <reporter-output>
  </reporter-output>
  <suite started-at="2023-01-25T15:13:31 IST" name="Suite" finished-at="2023-01-25T15:14:18 IST" duration-ms="47028">
    <groups>
      <group name="RegressionSuite">
        <method signature="CreateOrgWithIndustryPOMTest.CreateOrgaWithIndustryPOMTest()[pri:0, instance:vTiger.Organizations.TestScripts.CreateOrgWithIndustryPOMTest@2b662a77]" name="CreateOrgaWithIndustryPOMTest" class="vTiger.Organizations.TestScripts.CreateOrgWithIndustryPOMTest"/>
      </group> <!-- RegressionSuite -->
      <group name="SmokeSuite">
        <method signature="CreateContactWithOrganizationPOMTest.CreateContactWithOrgTest()[pri:0, instance:vTiger.Contacts.TestScripts.CreateContactWithOrganizationPOMTest@49139829]" name="CreateContactWithOrgTest" class="vTiger.Contacts.TestScripts.CreateContactWithOrganizationPOMTest"/>
      </group> <!-- SmokeSuite -->
    </groups>
    <test started-at="2023-01-25T15:13:31 IST" name="Test" finished-at="2023-01-25T15:14:18 IST" duration-ms="47028">
      <class name="vTiger.Organizations.TestScripts.CreateOrgWithIndustryPOMTest">
        <test-method is-config="true" signature="bsConfig()[pri:0, instance:vTiger.Organizations.TestScripts.CreateOrgWithIndustryPOMTest@2b662a77]" started-at="2023-01-25T15:13:31 IST" name="bsConfig" finished-at="2023-01-25T15:13:31 IST" duration-ms="10" status="PASS">
          <reporter-output>
          </reporter-output>
        </test-method> <!-- bsConfig -->
        <test-method is-config="true" signature="bcConfig()[pri:0, instance:vTiger.Organizations.TestScripts.CreateOrgWithIndustryPOMTest@2b662a77]" started-at="2023-01-25T15:13:32 IST" name="bcConfig" finished-at="2023-01-25T15:13:44 IST" duration-ms="12516" status="PASS">
          <reporter-output>
          </reporter-output>
        </test-method> <!-- bcConfig -->
        <test-method is-config="true" signature="bmConfig()[pri:0, instance:vTiger.Organizations.TestScripts.CreateOrgWithIndustryPOMTest@2b662a77]" started-at="2023-01-25T15:13:45 IST" name="bmConfig" finished-at="2023-01-25T15:13:50 IST" duration-ms="5182" status="PASS">
          <reporter-output>
          </reporter-output>
        </test-method> <!-- bmConfig -->
        <test-method signature="CreateOrgaWithIndustryPOMTest()[pri:0, instance:vTiger.Organizations.TestScripts.CreateOrgWithIndustryPOMTest@2b662a77]" started-at="2023-01-25T15:13:50 IST" name="CreateOrgaWithIndustryPOMTest" finished-at="2023-01-25T15:14:14 IST" duration-ms="24230" status="PASS">
          <reporter-output>
          </reporter-output>
        </test-method> <!-- CreateOrgaWithIndustryPOMTest -->
        <test-method is-config="true" signature="amConfig()[pri:0, instance:vTiger.Organizations.TestScripts.CreateOrgWithIndustryPOMTest@2b662a77]" started-at="2023-01-25T15:14:14 IST" name="amConfig" finished-at="2023-01-25T15:14:18 IST" duration-ms="3342" status="PASS">
          <reporter-output>
          </reporter-output>
        </test-method> <!-- amConfig -->
        <test-method is-config="true" signature="acConfig()[pri:0, instance:vTiger.Organizations.TestScripts.CreateOrgWithIndustryPOMTest@2b662a77]" started-at="2023-01-25T15:14:18 IST" name="acConfig" finished-at="2023-01-25T15:14:18 IST" duration-ms="800" status="PASS">
          <reporter-output>
          </reporter-output>
        </test-method> <!-- acConfig -->
        <test-method is-config="true" signature="asConfig()[pri:0, instance:vTiger.Organizations.TestScripts.CreateOrgWithIndustryPOMTest@2b662a77]" started-at="2023-01-25T15:14:19 IST" name="asConfig" finished-at="2023-01-25T15:14:19 IST" duration-ms="1" status="PASS">
          <reporter-output>
          </reporter-output>
        </test-method> <!-- asConfig -->
      </class> <!-- vTiger.Organizations.TestScripts.CreateOrgWithIndustryPOMTest -->
      <class name="vTiger.Contacts.TestScripts.CreateContactWithOrganizationPOMTest">
        <test-method is-config="true" signature="bmConfig()[pri:0, instance:vTiger.Contacts.TestScripts.CreateContactWithOrganizationPOMTest@49139829]" started-at="2023-01-25T15:13:44 IST" name="bmConfig" finished-at="2023-01-25T15:13:45 IST" duration-ms="189" status="FAIL">
          <exception class="java.lang.NullPointerException">
            <message>
              <![CDATA[Cannot invoke "org.openqa.selenium.SearchContext.findElement(org.openqa.selenium.By)" because "this.searchContext" is null]]>
            </message>
            <full-stacktrace>
              <![CDATA[java.lang.NullPointerException: Cannot invoke "org.openqa.selenium.SearchContext.findElement(org.openqa.selenium.By)" because "this.searchContext" is null
at org.openqa.selenium.support.pagefactory.DefaultElementLocator.findElement(DefaultElementLocator.java:70)
at org.openqa.selenium.support.pagefactory.internal.LocatingElementHandler.invoke(LocatingElementHandler.java:39)
at jdk.proxy2/jdk.proxy2.$Proxy22.sendKeys(Unknown Source)
at vTiger.ObjectRepositary.LoginPage.loginToApplicatio(LoginPage.java:50)
at vTiger.GenericUtilities.BaseClass.bmConfig(BaseClass.java:69)
at java.base/jdk.internal.reflect.NativeMethodAccessorImpl.invoke0(Native Method)
at java.base/jdk.internal.reflect.NativeMethodAccessorImpl.invoke(NativeMethodAccessorImpl.java:77)
at java.base/jdk.internal.reflect.DelegatingMethodAccessorImpl.invoke(DelegatingMethodAccessorImpl.java:43)
at java.base/java.lang.reflect.Method.invoke(Method.java:568)
at org.testng.internal.MethodInvocationHelper.invokeMethod(MethodInvocationHelper.java:133)
at org.testng.internal.MethodInvocationHelper.invokeMethodConsideringTimeout(MethodInvocationHelper.java:62)
at org.testng.internal.ConfigInvoker.invokeConfigurationMethod(ConfigInvoker.java:385)
at org.testng.internal.ConfigInvoker.invokeConfigurations(ConfigInvoker.java:321)
at org.testng.internal.TestInvoker.runConfigMethods(TestInvoker.java:700)
at org.testng.internal.TestInvoker.invokeMethod(TestInvoker.java:527)
at org.testng.internal.TestInvoker.invokeTestMethod(TestInvoker.java:173)
at org.testng.internal.MethodRunner.runInSequence(MethodRunner.java:46)
at org.testng.internal.TestInvoker$MethodInvocationAgent.invoke(TestInvoker.java:824)
at org.testng.internal.TestInvoker.invokeTestMethods(TestInvoker.java:146)
at org.testng.internal.TestMethodWorker.invokeTestMethods(TestMethodWorker.java:146)
at org.testng.internal.TestMethodWorker.run(TestMethodWorker.java:128)
at java.base/java.util.ArrayList.forEach(ArrayList.java:1511)
at org.testng.TestRunner.privateRun(TestRunner.java:794)
at org.testng.TestRunner.run(TestRunner.java:596)
at org.testng.SuiteRunner.runTest(SuiteRunner.java:377)
at org.testng.SuiteRunner.runSequentially(SuiteRunner.java:371)
at org.testng.SuiteRunner.privateRun(SuiteRunner.java:332)
at org.testng.SuiteRunner.run(SuiteRunner.java:276)
at org.testng.SuiteRunnerWorker.runSuite(SuiteRunnerWorker.java:53)
at org.testng.SuiteRunnerWorker.run(SuiteRunnerWorker.java:96)
at org.testng.TestNG.runSuitesSequentially(TestNG.java:1212)
at org.testng.TestNG.runSuitesLocally(TestNG.java:1134)
at org.testng.TestNG.runSuites(TestNG.java:1063)
at org.testng.TestNG.run(TestNG.java:1031)
at org.testng.remote.AbstractRemoteTestNG.run(AbstractRemoteTestNG.java:115)
at org.testng.remote.RemoteTestNG.initAndRun(RemoteTestNG.java:251)
at org.testng.remote.RemoteTestNG.main(RemoteTestNG.java:77)
]]>
            </full-stacktrace>
          </exception> <!-- java.lang.NullPointerException -->
          <reporter-output>
          </reporter-output>
        </test-method> <!-- bmConfig -->
        <test-method signature="CreateContactWithOrgTest()[pri:0, instance:vTiger.Contacts.TestScripts.CreateContactWithOrganizationPOMTest@49139829]" started-at="2023-01-25T15:13:45 IST" name="CreateContactWithOrgTest" finished-at="2023-01-25T15:13:45 IST" duration-ms="0" status="SKIP">
          <exception class="java.lang.NullPointerException">
            <message>
              <![CDATA[Cannot invoke "org.openqa.selenium.SearchContext.findElement(org.openqa.selenium.By)" because "this.searchContext" is null]]>
            </message>
            <full-stacktrace>
              <![CDATA[java.lang.NullPointerException: Cannot invoke "org.openqa.selenium.SearchContext.findElement(org.openqa.selenium.By)" because "this.searchContext" is null
at org.openqa.selenium.support.pagefactory.DefaultElementLocator.findElement(DefaultElementLocator.java:70)
at org.openqa.selenium.support.pagefactory.internal.LocatingElementHandler.invoke(LocatingElementHandler.java:39)
at jdk.proxy2/jdk.proxy2.$Proxy22.sendKeys(Unknown Source)
at vTiger.ObjectRepositary.LoginPage.loginToApplicatio(LoginPage.java:50)
at vTiger.GenericUtilities.BaseClass.bmConfig(BaseClass.java:69)
at java.base/jdk.internal.reflect.NativeMethodAccessorImpl.invoke0(Native Method)
at java.base/jdk.internal.reflect.NativeMethodAccessorImpl.invoke(NativeMethodAccessorImpl.java:77)
at java.base/jdk.internal.reflect.DelegatingMethodAccessorImpl.invoke(DelegatingMethodAccessorImpl.java:43)
at java.base/java.lang.reflect.Method.invoke(Method.java:568)
at org.testng.internal.MethodInvocationHelper.invokeMethod(MethodInvocationHelper.java:133)
at org.testng.internal.MethodInvocationHelper.invokeMethodConsideringTimeout(MethodInvocationHelper.java:62)
at org.testng.internal.ConfigInvoker.invokeConfigurationMethod(ConfigInvoker.java:385)
at org.testng.internal.ConfigInvoker.invokeConfigurations(ConfigInvoker.java:321)
at org.testng.internal.TestInvoker.runConfigMethods(TestInvoker.java:700)
at org.testng.internal.TestInvoker.invokeMethod(TestInvoker.java:527)
at org.testng.internal.TestInvoker.invokeTestMethod(TestInvoker.java:173)
at org.testng.internal.MethodRunner.runInSequence(MethodRunner.java:46)
at org.testng.internal.TestInvoker$MethodInvocationAgent.invoke(TestInvoker.java:824)
at org.testng.internal.TestInvoker.invokeTestMethods(TestInvoker.java:146)
at org.testng.internal.TestMethodWorker.invokeTestMethods(TestMethodWorker.java:146)
at org.testng.internal.TestMethodWorker.run(TestMethodWorker.java:128)
at java.base/java.util.ArrayList.forEach(ArrayList.java:1511)
at org.testng.TestRunner.privateRun(TestRunner.java:794)
at org.testng.TestRunner.run(TestRunner.java:596)
at org.testng.SuiteRunner.runTest(SuiteRunner.java:377)
at org.testng.SuiteRunner.runSequentially(SuiteRunner.java:371)
at org.testng.SuiteRunner.privateRun(SuiteRunner.java:332)
at org.testng.SuiteRunner.run(SuiteRunner.java:276)
at org.testng.SuiteRunnerWorker.runSuite(SuiteRunnerWorker.java:53)
at org.testng.SuiteRunnerWorker.run(SuiteRunnerWorker.java:96)
at org.testng.TestNG.runSuitesSequentially(TestNG.java:1212)
at org.testng.TestNG.runSuitesLocally(TestNG.java:1134)
at org.testng.TestNG.runSuites(TestNG.java:1063)
at org.testng.TestNG.run(TestNG.java:1031)
at org.testng.remote.AbstractRemoteTestNG.run(AbstractRemoteTestNG.java:115)
at org.testng.remote.RemoteTestNG.initAndRun(RemoteTestNG.java:251)
at org.testng.remote.RemoteTestNG.main(RemoteTestNG.java:77)
]]>
            </full-stacktrace>
          </exception> <!-- java.lang.NullPointerException -->
          <reporter-output>
          </reporter-output>
        </test-method> <!-- CreateContactWithOrgTest -->
        <test-method is-config="true" signature="amConfig()[pri:0, instance:vTiger.Contacts.TestScripts.CreateContactWithOrganizationPOMTest@49139829]" started-at="2023-01-25T15:13:45 IST" name="amConfig" finished-at="1970-01-01T05:30:00 IST" duration-ms="-1674639825271" status="SKIP">
          <reporter-output>
          </reporter-output>
        </test-method> <!-- amConfig -->
      </class> <!-- vTiger.Contacts.TestScripts.CreateContactWithOrganizationPOMTest -->
    </test> <!-- Test -->
  </suite> <!-- Suite -->
</testng-results>
